
Started Import Process
# System Details: 
Debug Mode 		: Disabled
Operating System 	: WINNT
Software 		: Apache/2.4.47 (Win64) OpenSSL/1.1.1k PHP/8.2.11
MySQL version 		: 5.7.33
XML Reader 		: Yes
PHP Version 		: 8.2.11
PHP Max Input Vars 	: 1000
PHP Max Post Size 	: 2G
PHP Extension GD 	: Yes
PHP Max Execution Time 	: 36000
Max Upload Size 	: 2 GB
Memory Limit 		: Current memory limit 40M. We recommend setting memory to at least 64M.
Timezone 		: 0

-----

Importing Started! - 03:52:16 UTC
---

WHY IMPORT PROCESS CAN FAIL? READ THIS - 
https://wpastra.com/docs/?p=1314&utm_source=demo-import-panel&utm_campaign=import-error&utm_medium=wp-dashboard

---
